<?xml version="1.0" encoding="UTF-8"?>
<!-- Generated by org.testng.reporters.JUnitXMLReporter -->
<testsuite ignored="0" hostname="LAPTOP-FE8I8AGL" failures="0" tests="8" name="Default test" time="45.022" errors="0" timestamp="2021-10-02T20:34:10 IST">
  <testcase classname="com.qa.opencart.tests.AccountsPageTest" name="accountsPageTitleTest" time="0.616"/>
  <testcase classname="com.qa.opencart.tests.AccountsPageTest" name="verifyAccountsPageHeaderTest" time="2.657"/>
  <testcase classname="com.qa.opencart.tests.AccountsPageTest" name="verifyAccountsPageSectionsTest" time="0.05"/>
  <testcase classname="com.qa.opencart.tests.AccountsPageTest" name="verifyAccountsSectionListTest" time="0.139"/>
  <testcase classname="com.qa.opencart.tests.AccountsPageTest" name="searchTest" time="4.522"/>
  <testcase classname="com.qa.opencart.tests.AccountsPageTest" name="searchTest" time="4.631"/>
  <testcase classname="com.qa.opencart.tests.AccountsPageTest" name="searchTest" time="4.305"/>
  <testcase classname="com.qa.opencart.tests.AccountsPageTest" name="verifyProductResultsTest" time="7.157"/>
</testsuite> <!-- Default test -->
