<?xml version="1.0" encoding="UTF-8"?>
<testsuite xmlns:xsi="http://www.w3.org/2001/XMLSchema-instance" xsi:noNamespaceSchemaLocation="https://maven.apache.org/surefire/maven-surefire-plugin/xsd/surefire-test-report-3.0.xsd" version="3.0" name="TestSuite" time="74.4" tests="17" errors="0" skipped="0" failures="0">
  <properties>
[...]
</properties>
  <testcase name="LoginPageTitleTest" classname="com.qa.opencart.tests.LoginPageTest" time="0.017">
    <system-out><![CDATA[...
... TestNG 6.14.3 by Cédric Beust (cedric@beust.com)
...

Tesults disabled - target not provided.
Test Suite started!
Tesults disabled - target not provided.
Test Suite started!
Tesults disabled - target not provided.
Test Suite started!
Running on Environment -->: null
browser Name is: chrome
Running on Environment -->: null
browser Name is: chrome
Running on Environment -->: null
browser Name is: chrome
LoginPageTitleTest started!
LoginPageTitleTest started!
LoginPageTitleTest started!
Login Page title :Account Login
Login Page title :Account Login
Login Page title :Account Login
LoginPageTitleTest passed!
LoginPageTitleTest passed!
]]></system-out>
    <system-err><![CDATA[SLF4J: Failed to load class "org.slf4j.impl.StaticLoggerBinder".
SLF4J: Defaulting to no-operation (NOP) logger implementation
SLF4J: See http://www.slf4j.org/codes.html#StaticLoggerBinder for further details.
log4j:WARN No appenders could be found for logger (class com.qa.opencart.factory.DriverFactory).
log4j:WARN Please initialize the log4j system properly.
log4j:WARN No appenders could be found for logger (class com.qa.opencart.factory.DriverFactory).
log4j:WARN See http://logging.apache.org/log4j/1.2/faq.html#noconfig for more info.
log4j:WARN Please initialize the log4j system properly.
log4j:WARN See http://logging.apache.org/log4j/1.2/faq.html#noconfig for more info.
SSStttaaarrrtttiiinnnggg  C ChChhrrrooommmeeeDDDrrriiivvveeerrr   999444...000...44466006660..666.11  6((144 11(884bb177888ffb55788833f885eed8d030b8b1e1cdc66099bbb1bcb464ee955b11bee4aae00522155e22a11077211588552441997111558--5rr4e9eff1ss5//-brreafnbrcsah/nbc-rhha-enhaecadhsd-s/h/4e64a6060d6@s{@/#{4#1621020604@}4{)}#) 1 o2o0n 4np} o)pr otor nt6 6 p93o2568
2On
lOy nlloy claolc aclon nceocntneicontiso anrs ea rale loalwleodw.e
d.Pl
ePasleea ssee es ehtet hpst:tp//s:c/hr/ochmerodmrievderir.chrvomeiru.mc.hrotrg /3secruormiitumy.-o6rcg8o/s5ecn6sui
dOernrilattyy i-loncsoo cnfasolri d cseournagngeetcistotniioso nnsfso  oran rs eku egaegpleisltnoig onCwsh reoodnm.e kD
rePielpveeianrsg e saC fhsreeo.em e
hDtrtipvse:r/ /scharfoem.ed
river.chromium.org/security-considerations for suggestions on keeping ChromeDriver safe.
CCChhhrroommreeDDorrmiievveeDrrr w awisas vs estrta artrwteadesd  s ssutcuccaecrestssesfdfu ulslluylc.yc.e

ssfully.
Oct 02, 2021 7:06:35 PM org.openqa.selenium.remote.ProtocolHandshake createSession
INFO: Detected dialect: W3C
Oct 02, 2021 7:06:35 PM org.openqa.selenium.remote.ProtocolHandshake createSession
INFO: Detected dialect: W3C
Oct 02, 2021 7:06:37 PM org.openqa.selenium.remote.ProtocolHandshake createSession
INFO: Detected dialect: W3C
]]></system-err>
  </testcase>
  <testcase name="LoginPageTitleTest" classname="com.qa.opencart.tests.LoginPageTest" time="0.018"/>
  <testcase name="LoginPageTitleTest" classname="com.qa.opencart.tests.LoginPageTest" time="0.03">
    <system-out><![CDATA[LoginPageTitleTest passed!
]]></system-out>
  </testcase>
  <testcase name="LoginTest" classname="com.qa.opencart.tests.LoginPageTest" time="9.107">
    <system-out><![CDATA[LoginTest started!
Login With : kumar95530@gmail.comKkuma125
LoginTest started!
Login With : kumar95530@gmail.comKkuma125
LoginTest started!
Login With : kumar95530@gmail.comKkuma125
LoginTest passed!
]]></system-out>
  </testcase>
  <testcase name="LoginTest" classname="com.qa.opencart.tests.LoginPageTest" time="0.058">
    <system-out><![CDATA[LoginTest passed!
]]></system-out>
  </testcase>
  <testcase name="LoginTest" classname="com.qa.opencart.tests.LoginPageTest" time="0.001">
    <system-out><![CDATA[isForgotPwdLinkExist started!
LoginTest passed!
]]></system-out>
  </testcase>
  <testcase name="isForgotPwdLinkExist" classname="com.qa.opencart.tests.LoginPageTest" time="0.056">
    <system-out><![CDATA[isForgotPwdLinkExist started!
isForgotPwdLinkExist passed!
]]></system-out>
  </testcase>
  <testcase name="isForgotPwdLinkExist" classname="com.qa.opencart.tests.LoginPageTest" time="0.002">
    <system-out><![CDATA[isForgotPwdLinkExist started!
isForgotPwdLinkExist passed!
]]></system-out>
  </testcase>
  <testcase name="isForgotPwdLinkExist" classname="com.qa.opencart.tests.LoginPageTest" time="0.011">
    <system-out><![CDATA[isForgotPwdLinkExist passed!
]]></system-out>
  </testcase>
  <testcase name="accountsPageTitleTest" classname="com.qa.opencart.tests.AccountsPageTest" time="0.057">
    <system-out><![CDATA[Test Suite is ending!
Tesults disabled - target not provided.
Test Suite started!
Running on Environment -->: null
browser Name is: chrome
Test Suite is ending!
Test Suite is ending!
Login With : kumar95530@gmail.comKkuma125
accountsPageTitleTest started!
Accounts Page Title is : My Account
accountsPageTitleTest passed!
]]></system-out>
    <system-err><![CDATA[Starting ChromeDriver 94.0.4606.61 (418b78f5838ed0b1c69bb4e51ea0252171854915-refs/branch-heads/4606@{#1204}) on port 12995
Only local connections are allowed.
Please see https://chromedriver.chromium.org/security-considerations for suggestions on keeping ChromeDriver safe.
ChromeDriver was started successfully.
Oct 02, 2021 7:06:54 PM org.openqa.selenium.remote.ProtocolHandshake createSession
INFO: Detected dialect: W3C
]]></system-err>
  </testcase>
  <testcase name="verifyAccountsPageHeaderTest" classname="com.qa.opencart.tests.AccountsPageTest" time="1.732">
    <system-out><![CDATA[verifyAccountsPageHeaderTest started!
Accounts Page Header Value :Your Store
verifyAccountsPageHeaderTest passed!
]]></system-out>
  </testcase>
  <testcase name="verifyAccountsPageSectionsTest" classname="com.qa.opencart.tests.AccountsPageTest" time="0.055">
    <system-out><![CDATA[verifyAccountsPageSectionsTest started!
verifyAccountsPageSectionsTest passed!
]]></system-out>
  </testcase>
  <testcase name="verifyAccountsSectionListTest" classname="com.qa.opencart.tests.AccountsPageTest" time="0.124">
    <system-out><![CDATA[verifyAccountsSectionListTest started!
My Account
My Orders
My Affiliate Account
Newsletter
[My Account, My Orders, My Affiliate Account, Newsletter]
verifyAccountsSectionListTest passed!
]]></system-out>
  </testcase>
  <testcase name="searchTest[iMac](1)" classname="com.qa.opencart.tests.AccountsPageTest" time="5.09">
    <system-out><![CDATA[searchTest started!
searchTest passed!
]]></system-out>
  </testcase>
  <testcase name="searchTest[iPhone](2)" classname="com.qa.opencart.tests.AccountsPageTest" time="4.603">
    <system-out><![CDATA[searchTest started!
searchTest passed!
]]></system-out>
  </testcase>
  <testcase name="searchTest[Macbook](3)" classname="com.qa.opencart.tests.AccountsPageTest" time="4.716">
    <system-out><![CDATA[searchTest started!
searchTest passed!
]]></system-out>
  </testcase>
  <testcase name="verifyProductResultsTest" classname="com.qa.opencart.tests.AccountsPageTest" time="7.793">
    <system-out><![CDATA[verifyProductResultsTest started!
Total Number of items Displayed :1
verifyProductResultsTest passed!
]]></system-out>
  </testcase>
</testsuite>