<?xml version="1.0" encoding="UTF-8"?>
<!-- Generated by org.testng.reporters.JUnitXMLReporter -->
<testsuite ignored="0" hostname="LAPTOP-FE8I8AGL" failures="0" tests="3" name="Login page Test_chrome_64" time="34.817" errors="0" timestamp="02 Oct 2021 13:36:53 GMT">
  <testcase classname="com.qa.opencart.tests.LoginPageTest" name="LoginPageTitleTest" time="0.19"/>
  <testcase classname="com.qa.opencart.tests.LoginPageTest" name="LoginTest" time="9.423"/>
  <testcase classname="com.qa.opencart.tests.LoginPageTest" name="isForgotPwdLinkExist" time="0.202"/>
</testsuite> <!-- Login page Test_chrome_64 -->
