<?xml version="1.0" encoding="UTF-8"?>
<!-- Generated by org.testng.reporters.JUnitXMLReporter -->
<testsuite ignored="0" hostname="LAPTOP-FE8I8AGL" failures="0" tests="3" name="Login page Test_FF_80" time="34.72" errors="0" timestamp="02 Oct 2021 13:36:53 GMT">
  <testcase classname="com.qa.opencart.tests.LoginPageTest" name="LoginPageTitleTest" time="0.452"/>
  <testcase classname="com.qa.opencart.tests.LoginPageTest" name="LoginTest" time="9.586"/>
  <testcase classname="com.qa.opencart.tests.LoginPageTest" name="isForgotPwdLinkExist" time="0.148"/>
</testsuite> <!-- Login page Test_FF_80 -->
